<?xml version="1.0" encoding="UTF-8"?>
<testsuite xmlns:xsi="http://www.w3.org/2001/XMLSchema-instance" xsi:noNamespaceSchemaLocation="https://maven.apache.org/surefire/maven-surefire-plugin/xsd/surefire-test-report.xsd" version="3.0.2" name="com.example.helloapi.HelloapiApplicationTests" time="2.133" tests="1" errors="0" skipped="0" failures="0" flakes="0">
  <properties>
[...]
</properties>
  <testcase name="contextLoads" classname="com.example.helloapi.HelloapiApplicationTests" time="0.555">
    <system-out><![CDATA[16:49:23.765 [main] INFO org.springframework.test.context.support.AnnotationConfigContextLoaderUtils -- Could not detect default configuration classes for test class [com.example.helloapi.HelloapiApplicationTests]: HelloapiApplicationTests does not declare any static, non-private, non-final, nested classes annotated with @Configuration.
16:49:23.882 [main] INFO org.springframework.boot.test.context.SpringBootTestContextBootstrapper -- Found @SpringBootConfiguration com.example.helloapi.HelloapiApplication for test class com.example.helloapi.HelloapiApplicationTests
16:49:23.974 [main] INFO org.springframework.test.context.support.AnnotationConfigContextLoaderUtils -- Could not detect default configuration classes for test class [com.example.helloapi.HelloapiApplicationTests]: HelloapiApplicationTests does not declare any static, non-private, non-final, nested classes annotated with @Configuration.
16:49:23.976 [main] INFO org.springframework.boot.test.context.SpringBootTestContextBootstrapper -- Found @SpringBootConfiguration com.example.helloapi.HelloapiApplication for test class com.example.helloapi.HelloapiApplicationTests

  .   ____          _            __ _ _
 /\\ / ___'_ __ _ _(_)_ __  __ _ \ \ \ \
( ( )\___ | '_ | '_| | '_ \/ _` | \ \ \ \
 \\/  ___)| |_)| | | | | || (_| |  ) ) ) )
  '  |____| .__|_| |_|_| |_\__, | / / / /
 =========|_|==============|___/=/_/_/_/

 :: Spring Boot ::                (v4.1.0)

2026-07-27T16:49:24.269+05:30  INFO 20828 --- [helloapi] [           main] c.e.helloapi.HelloapiApplicationTests    : Starting HelloapiApplicationTests using Java 25 with PID 20828 (started by sarha in C:\Users\sarha\Desktop\helloapi)
2026-07-27T16:49:24.272+05:30  INFO 20828 --- [helloapi] [           main] c.e.helloapi.HelloapiApplicationTests    : No active profile set, falling back to 1 default profile: "default"
2026-07-27T16:49:25.131+05:30  INFO 20828 --- [helloapi] [           main] c.e.helloapi.HelloapiApplicationTests    : Started HelloapiApplicationTests in 1.099 seconds (process running for 2.164)
]]></system-out>
    <system-err><![CDATA[Mockito is currently self-attaching to enable the inline-mock-maker. This will no longer work in future releases of the JDK. Please add Mockito as an agent to your build as described in Mockito's documentation: https://javadoc.io/doc/org.mockito/mockito-core/latest/org.mockito/org/mockito/Mockito.html#0.3
WARNING: A Java agent has been loaded dynamically (C:\Users\sarha\.m2\repository\net\bytebuddy\byte-buddy-agent\1.18.10\byte-buddy-agent-1.18.10.jar)
WARNING: If a serviceability tool is in use, please run with -XX:+EnableDynamicAgentLoading to hide this warning
WARNING: If a serviceability tool is not in use, please run with -Djdk.instrument.traceUsage for more information
WARNING: Dynamic loading of agents will be disallowed by default in a future release
]]></system-err>
  </testcase>
</testsuite>